00:08:49.519][Debug]: [BT]muisc time 0:3->
[00:08:50.318][Debug]: [BT]muisc time 0:4->
[00:08:51.121][Debug]: [BT]muisc time 0:5->
[00:08:51.912][Debug]: [BT]muisc time 0:6->
[00:08:52.725][Debug]: [BT]muisc time 0:7->
[00:08:53.498][Debug]: [BT]muisc time 0:7->
[00:08:54.323][Debug]: [BT]muisc time 0:8->
[00:08:55.111][Debug]: [BT]muisc time 0:9->
[00:08:55.904][Debug]: [BT]muisc time 0:10->
[00:08:56.699][Debug]: [BT]muisc time 0:11->
[00:08:57.522][Debug]: [BT]muisc time 0:11->

[00:08:57.900][I] [EQ_USB]:eq_apply_all_muted: 4 bands written
[00:08:57.900]
[00:08:58.319][Debug]: [BT]muisc time 0:12->
[00:08:59.098][Debug]: [BT]muisc time 0:13->
[00:08:59.899][Debug]: [BT]muisc time 0:14->
[00:09:00.104]--------------have 17 task run ----------------
[00:09:00.104]name                      status  ID    pro     stack   CPU useage

[00:09:00.105]app_core                    R     1     15      1733    <1%
[00:09:00.106]UserAudioDevice             R     11    6       1920    47%
[00:09:00.107]IDLE1                       R     3     0       225     75%
[00:09:00.108]IDLE0                       R     2     0       225     73%
[00:09:00.109]systimer                    B     4     14      205     2%
[00:09:00.110]lcd_task_1                  B     13    8       971     <1%
[00:09:00.111]lcd_task_0                  B     12    8       971     <1%
[00:09:00.111]btctrler                    S     16    19      171     <1%
[00:09:00.112]sbc_2                       S     21    27      894     1%
[00:09:00.113]te_task                     S     14    9       978     <1%
[00:09:00.114]thread_fork_kill            S     7     25      183     <1%
[00:09:00.115]video_server                S     9     16      689     <1%
[00:09:00.116]sys_timer                   S     5     9       366     <1%
[00:09:00.117]btstack                     S     17    18      718     <1%
[00:09:00.117]audio_server                S     8     16      315     <1%
[00:09:00.118]sys_event                   S     6     29      352     <1%
[00:09:00.119]vpkg_server                 S     10    16      423     <1%
[00:09:00.120]----task status   r-run  R-ready  B-delay  S-pend  D-del---------
[00:09:00.121][Info]: [HEAP_MEM]DLMALLOC_STATS:
[00:09:00.122][Info]: [HEAP_MEM]total: 8308480
[00:09:00.122][Info]: [HEAP_MEM]left: 7303848
[00:09:00.738][Debug]: [BT]muisc time 0:15->
[00:09:01.543][Debug]: [BT]muisc time 0:15->
[00:09:02.304][Debug]: [BT]muisc time 0:16->
[00:09:03.119][Debug]: [BT]muisc time 0:17->

[00:09:03.600][I] [EQ_USB]:eq_apply_all_muted: 4 bands written
[00:09:03.600]
[00:09:03.913][Debug]: [BT]muisc time 0:18->
[00:09:04.700][Debug]: [BT]muisc time 0:19->
[00:09:05.534][Debug]: [BT]muisc time 0:19->
[00:09:06.317][Debug]: [BT]muisc time 0:20->
[00:09:07.127][Debug]: [BT]muisc time 0:21->
[00:09:07.922][Debug]: [BT]muisc time 0:22->
[00:09:08.698][Debug]: [BT]muisc time 0:23->
[00:09:09.503][Debug]: [BT]muisc time 0:23->
[00:09:10.319][Debug]: [BT]muisc time 0:24->
[00:09:11.126][Debug]: [BT]muisc time 0:25->
[00:09:11.919][Debug]: [BT]muisc time 0:26->
[00:09:12.723][Debug]: [BT]muisc time 0:27->
[
