rio_UnsetRegValue():	Reg[11h]<=70h (xxxx0000b)	Bass and Treble Tone Control
rio_SetRegValue():	Reg[11h]<=78h (xxxx1xxxb)	Bass and Treble Tone Control
rio_UnsetRegValue():	Reg[11h]<=70h (xxxx0000b)	Bass and Treble Tone Control
rio_SetRegValue():	Reg[11h]<=79h (xxxx1xx1b)	Bass and Treble Tone Control
rio_UnsetRegValue():	Reg[11h]<=70h (xxxx0000b)	Bass and Treble Tone Control
rio_SetRegValue():	Reg[11h]<=7Ah (xxxx1x1xb)	Bass and Treble Tone Control
rio_UnsetRegValue():	Reg[11h]<=70h (xxxx0000b)	Bass and Treble Tone Control
rio_SetRegValue():	Reg[11h]<=7Bh (xxxx1x11b)	Bass and Treble Tone Control
rio_UnsetRegValue():	Reg[11h]<=70h (xxxx0000b)	Bass and Treble Tone Control
rio_SetRegValue():	Reg[11h]<=7Ch (xxxx11xxb)	Bass and Treble Tone Control
rio_UnsetRegValue():	Reg[11h]<=70h (xxxx0000b)	Bass and Treble Tone Control
rio_SetRegValue():	Reg[11h]<=7Ch (xxxx11xxb)	Bass and Treble Tone Control
rio_UnsetRegValue():	Reg[11h]<=70h (xxxx0000b)	Bass and Treble Tone Control
rio_SetRegValue():	Reg[11h]<=7Ch (xxxx11xxb)	Bass and Treble Tone Control
rio_UnsetRegValue():	Reg[11h]<=0Ch (0000xxxxb)	Bass and Treble Tone Control
rio_SetRegValue():	Reg[11h]<=8Ch (1xxxxxxxb)	Bass and Treble Tone Control
rio_UnsetRegValue():	Reg[11h]<=0Ch (0000xxxxb)	Bass and Treble Tone Control
rio_SetRegValue():	Reg[11h]<=9Ch (1xx1xxxxb)	Bass and Treble Tone Control
rio_UnsetRegValue():	Reg[11h]<=0Ch (0000xxxxb)	Bass and Treble Tone Control
rio_SetRegValue():	Reg[11h]<=ACh (1x1xxxxxb)	Bass and Treble Tone Control
rio_UnsetRegValue():	Reg[11h]<=0Ch (0000xxxxb)	Bass and Treble Tone Control
rio_SetRegValue():	Reg[11h]<=ACh (1x1xxxxxb)	Bass and Treble Tone Control
rio_UnsetRegValue():	Reg[11h]<=0Ch (0000xxxxb)	Bass and Treble Tone Control
rio_SetRegValue():	Reg[11h]<=ACh (1x1xxxxxb)	Bass and Treble Tone Control
rio_SetRegValue():	Reg[03h]<=42h (xxxxxx1xb)	Configuration Register D
rio_SetRegValue():	Reg[03h]<=52h (xxx1xxxxb)	Configuration Register D
rio_SetRegValue():	Reg[03h]<=D2h (1xxxxxxxb)	Configuration Register D